  CUdpServer.cpp
i:\ос\os_5th\udpserver\udpserver\API.h(122): warning C4018: '<': signed/unsigned mismatch
i:\ос\os_5th\udpserver\udpserver\API.h(132): warning C4018: '<': signed/unsigned mismatch
CUdpServer.cpp(29): warning C4996: 'inet_ntoa': Use inet_ntop() or InetNtop() instead or define _WINSOCK_DEPRECATED_NO_WARNINGS to disable deprecated API warnings
  C:\Program Files (x86)\Windows Kits\8.1\Include\um\winsock2.h(1868): note: see declaration of 'inet_ntoa'
CUdpServer.cpp(31): warning C4996: 'inet_ntoa': Use inet_ntop() or InetNtop() instead or define _WINSOCK_DEPRECATED_NO_WARNINGS to disable deprecated API warnings
  C:\Program Files (x86)\Windows Kits\8.1\Include\um\winsock2.h(1868): note: see declaration of 'inet_ntoa'
CUdpServer.cpp(124): warning C4018: '<': signed/unsigned mismatch
CUdpServer.cpp(148): warning C4018: '<': signed/unsigned mismatch
CUdpServer.cpp(179): warning C4996: 'inet_ntoa': Use inet_ntop() or InetNtop() instead or define _WINSOCK_DEPRECATED_NO_WARNINGS to disable deprecated API warnings
  C:\Program Files (x86)\Windows Kits\8.1\Include\um\winsock2.h(1868): note: see declaration of 'inet_ntoa'
CUdpServer.cpp(182): warning C4996: 'inet_ntoa': Use inet_ntop() or InetNtop() instead or define _WINSOCK_DEPRECATED_NO_WARNINGS to disable deprecated API warnings
  C:\Program Files (x86)\Windows Kits\8.1\Include\um\winsock2.h(1868): note: see declaration of 'inet_ntoa'
CUdpServer.cpp(310): warning C4018: '<': signed/unsigned mismatch
CUdpServer.cpp(313): warning C4018: '<': signed/unsigned mismatch
  main.cpp
i:\ос\os_5th\udpserver\udpserver\API.h(122): warning C4018: '<': signed/unsigned mismatch
i:\ос\os_5th\udpserver\udpserver\API.h(132): warning C4018: '<': signed/unsigned mismatch
main.cpp(13): warning C4996: 'scanf': This function or variable may be unsafe. Consider using scanf_s instead. To disable deprecation, use _CRT_SECURE_NO_WARNINGS. See online help for details.
  C:\Program Files (x86)\Windows Kits\10\Include\10.0.10240.0\ucrt\stdio.h(1270): note: see declaration of 'scanf'
  ServerWorker.cpp
i:\ос\os_5th\udpserver\udpserver\API.h(122): warning C4018: '<': signed/unsigned mismatch
i:\ос\os_5th\udpserver\udpserver\API.h(132): warning C4018: '<': signed/unsigned mismatch
ServerWorker.cpp(303): warning C4244: 'argument': conversion from 'unsigned long' to 'unsigned short', possible loss of data
ServerWorker.cpp(33): warning C4101: 'isSent': unreferenced local variable
ServerWorker.cpp(32): warning C4101: 'isNameValid': unreferenced local variable
ServerWorker.cpp(597): warning C4996: 'localtime': This function or variable may be unsafe. Consider using localtime_s instead. To disable deprecation, use _CRT_SECURE_NO_WARNINGS. See online help for details.
  C:\Program Files (x86)\Windows Kits\10\Include\10.0.10240.0\ucrt\time.h(505): note: see declaration of 'localtime'
ServerWorker.cpp(599): warning C4996: 'asctime': This function or variable may be unsafe. Consider using asctime_s instead. To disable deprecation, use _CRT_SECURE_NO_WARNINGS. See online help for details.
  C:\Program Files (x86)\Windows Kits\10\Include\10.0.10240.0\ucrt\time.h(116): note: see declaration of 'asctime'
ServerWorker.cpp(627): warning C4996: 'localtime': This function or variable may be unsafe. Consider using localtime_s instead. To disable deprecation, use _CRT_SECURE_NO_WARNINGS. See online help for details.
  C:\Program Files (x86)\Windows Kits\10\Include\10.0.10240.0\ucrt\time.h(505): note: see declaration of 'localtime'
ServerWorker.cpp(628): warning C4996: 'asctime': This function or variable may be unsafe. Consider using asctime_s instead. To disable deprecation, use _CRT_SECURE_NO_WARNINGS. See online help for details.
  C:\Program Files (x86)\Windows Kits\10\Include\10.0.10240.0\ucrt\time.h(116): note: see declaration of 'asctime'
ServerWorker.cpp(1164): warning C4018: '<': signed/unsigned mismatch
ServerWorker.cpp(1175): warning C4018: '<': signed/unsigned mismatch
  Generating code
  All 466 functions were compiled because no usable IPDB/IOBJ from previous compilation was found.
  Finished generating code
  UdpServer.vcxproj -> I:\ОС\os_5th\UdpServer\Release\UdpServer.exe
