i:\ос\os_5th\udpserver\udpserver\debug\vc140.pdb
i:\ос\os_5th\udpserver\udpserver\debug\vc140.idb
i:\ос\os_5th\udpserver\udpserver\debug\cudpserver.nativecodeanalysis.xml
i:\ос\os_5th\udpserver\udpserver\debug\main.nativecodeanalysis.xml
i:\ос\os_5th\udpserver\udpserver\debug\serverworker.nativecodeanalysis.xml
i:\ос\os_5th\udpserver\udpserver\debug\serverworker.obj
i:\ос\os_5th\udpserver\udpserver\debug\main.obj
i:\ос\os_5th\udpserver\udpserver\debug\cudpserver.obj
i:\ос\os_5th\udpserver\debug\udpserver.ilk
i:\ос\os_5th\udpserver\debug\udpserver.exe
i:\ос\os_5th\udpserver\debug\udpserver.pdb
i:\ос\os_5th\udpserver\udpserver\debug\nativecodeanalysis.read.1.tlog
i:\ос\os_5th\udpserver\udpserver\debug\vc.nativecodeanalysis.all.xml
i:\ос\os_5th\udpserver\debug\udpserver.exe.lastcodeanalysissucceeded
i:\ос\os_5th\udpserver\udpserver\debug\udpserver.tlog\cl.command.1.tlog
i:\ос\os_5th\udpserver\udpserver\debug\udpserver.tlog\cl.read.1.tlog
i:\ос\os_5th\udpserver\udpserver\debug\udpserver.tlog\cl.write.1.tlog
i:\ос\os_5th\udpserver\udpserver\debug\udpserver.tlog\link.command.1.tlog
i:\ос\os_5th\udpserver\udpserver\debug\udpserver.tlog\link.read.1.tlog
i:\ос\os_5th\udpserver\udpserver\debug\udpserver.tlog\link.write.1.tlog
